{"errorType":"AUTHENTICATION_ERROR","level":"error","message":"Socket error: An unexpected error occurred","socketId":"wgdZfCopzQsY1rlSAAAd","statusCode":500,"timestamp":"2025-05-19T13:28:10.656Z"}
{"errorType":"AUTHENTICATION_ERROR","level":"error","message":"Socket error: An unexpected error occurred","socketId":"wgdZfCopzQsY1rlSAAAd","statusCode":500,"timestamp":"2025-05-19T13:28:10.658Z"}
{"errorType":"AUTHENTICATION_ERROR","level":"error","message":"Socket error: An unexpected error occurred","socketId":"wgdZfCopzQsY1rlSAAAd","statusCode":500,"timestamp":"2025-05-19T13:28:14.312Z"}
{"errorType":"AUTHENTICATION_ERROR","level":"error","message":"Socket error: An unexpected error occurred","socketId":"wgdZfCopzQsY1rlSAAAd","statusCode":500,"timestamp":"2025-05-19T13:28:14.313Z"}
{"errorType":"AUTHENTICATION_ERROR","level":"error","message":"Socket error: An unexpected error occurred","socketId":"wgdZfCopzQsY1rlSAAAd","statusCode":500,"timestamp":"2025-05-19T13:28:19.189Z"}
{"errorType":"AUTHENTICATION_ERROR","level":"error","message":"Socket error: An unexpected error occurred","socketId":"wgdZfCopzQsY1rlSAAAd","statusCode":500,"timestamp":"2025-05-19T13:28:19.193Z"}
{"errorType":"AUTHENTICATION_ERROR","level":"error","message":"Socket error: An unexpected error occurred","socketId":"wgdZfCopzQsY1rlSAAAd","statusCode":500,"timestamp":"2025-05-19T13:28:24.144Z"}
{"errorType":"AUTHENTICATION_ERROR","level":"error","message":"Socket error: An unexpected error occurred","socketId":"wgdZfCopzQsY1rlSAAAd","statusCode":500,"timestamp":"2025-05-19T13:28:24.145Z"}
{"errorType":"AUTHENTICATION_ERROR","level":"error","message":"Socket error: An unexpected error occurred","socketId":"SiRHb9m7b2Xj104iAAAm","statusCode":500,"timestamp":"2025-05-19T13:30:05.683Z"}
{"errorType":"AUTHENTICATION_ERROR","level":"error","message":"Socket error: An unexpected error occurred","socketId":"SiRHb9m7b2Xj104iAAAm","statusCode":500,"timestamp":"2025-05-19T13:30:05.685Z"}
{"errorType":"AUTHENTICATION_ERROR","level":"error","message":"Socket error: An unexpected error occurred","socketId":"SiRHb9m7b2Xj104iAAAm","statusCode":500,"timestamp":"2025-05-19T13:30:40.909Z"}
{"errorType":"AUTHENTICATION_ERROR","level":"error","message":"Socket error: An unexpected error occurred","socketId":"SiRHb9m7b2Xj104iAAAm","statusCode":500,"timestamp":"2025-05-19T13:30:40.910Z"}
{"errorType":"AUTHENTICATION_ERROR","level":"error","message":"Socket error: An unexpected error occurred","socketId":"SiRHb9m7b2Xj104iAAAm","statusCode":500,"timestamp":"2025-05-19T13:30:45.449Z"}
{"errorType":"AUTHENTICATION_ERROR","level":"error","message":"Socket error: An unexpected error occurred","socketId":"SiRHb9m7b2Xj104iAAAm","statusCode":500,"timestamp":"2025-05-19T13:30:45.450Z"}
{"errorType":"AUTHENTICATION_ERROR","level":"error","message":"Socket error: An unexpected error occurred","socketId":"SiRHb9m7b2Xj104iAAAm","statusCode":500,"timestamp":"2025-05-19T13:30:52.821Z"}
{"errorType":"AUTHENTICATION_ERROR","level":"error","message":"Socket error: An unexpected error occurred","socketId":"SiRHb9m7b2Xj104iAAAm","statusCode":500,"timestamp":"2025-05-19T13:30:52.822Z"}
{"errorType":"AUTHENTICATION_ERROR","level":"error","message":"Socket error: An unexpected error occurred","socketId":"SiRHb9m7b2Xj104iAAAm","statusCode":500,"timestamp":"2025-05-19T13:31:05.180Z"}
{"errorType":"AUTHENTICATION_ERROR","level":"error","message":"Socket error: An unexpected error occurred","socketId":"SiRHb9m7b2Xj104iAAAm","statusCode":500,"timestamp":"2025-05-19T13:31:05.180Z"}
{"errorType":"AUTHENTICATION_ERROR","level":"error","message":"Socket error: An unexpected error occurred","socketId":"Z4bl645a3x9v8hG0AAAH","statusCode":500,"timestamp":"2025-05-19T14:15:42.617Z"}
{"errorType":"AUTHENTICATION_ERROR","level":"error","message":"Socket error: An unexpected error occurred","socketId":"Z4bl645a3x9v8hG0AAAH","statusCode":500,"timestamp":"2025-05-19T14:15:42.620Z"}
{"errorType":"AUTHENTICATION_ERROR","level":"error","message":"Socket error: An unexpected error occurred","socketId":"Z4bl645a3x9v8hG0AAAH","statusCode":500,"timestamp":"2025-05-19T14:15:58.461Z"}
{"errorType":"AUTHENTICATION_ERROR","level":"error","message":"Socket error: An unexpected error occurred","socketId":"Z4bl645a3x9v8hG0AAAH","statusCode":500,"timestamp":"2025-05-19T14:15:58.462Z"}
{"errorType":"AUTHENTICATION_ERROR","level":"error","message":"Socket error: An unexpected error occurred","socketId":"gozKItzcz2set4oLAAAN","statusCode":500,"timestamp":"2025-05-19T14:24:16.138Z"}
{"errorType":"AUTHENTICATION_ERROR","level":"error","message":"Socket error: An unexpected error occurred","socketId":"gozKItzcz2set4oLAAAN","statusCode":500,"timestamp":"2025-05-19T14:24:16.141Z"}
{"errorType":"AUTHENTICATION_ERROR","level":"error","message":"Socket error: An unexpected error occurred","socketId":"-UemLHAZapiHkaWJAABi","statusCode":500,"timestamp":"2025-05-19T14:58:05.843Z"}
{"errorType":"AUTHENTICATION_ERROR","level":"error","message":"Socket error: An unexpected error occurred","socketId":"bFb92NdUaVMJwTDXAABo","statusCode":500,"timestamp":"2025-05-19T14:58:30.767Z"}
{"errorType":"AUTHENTICATION_ERROR","level":"error","message":"Socket error: An unexpected error occurred","socketId":"bFb92NdUaVMJwTDXAABo","statusCode":500,"timestamp":"2025-05-19T14:58:30.768Z"}
{"errorType":"AUTHENTICATION_ERROR","level":"error","message":"Socket error: An unexpected error occurred","socketId":"bFb92NdUaVMJwTDXAABo","statusCode":500,"timestamp":"2025-05-19T14:58:33.876Z"}
{"errorType":"AUTHENTICATION_ERROR","level":"error","message":"Socket error: An unexpected error occurred","socketId":"bFb92NdUaVMJwTDXAABo","statusCode":500,"timestamp":"2025-05-19T14:58:33.889Z"}
{"errorType":"AUTHENTICATION_ERROR","level":"error","message":"Socket error: An unexpected error occurred","socketId":"bFb92NdUaVMJwTDXAABo","statusCode":500,"timestamp":"2025-05-19T14:58:36.720Z"}
{"errorType":"AUTHENTICATION_ERROR","level":"error","message":"Socket error: An unexpected error occurred","socketId":"bFb92NdUaVMJwTDXAABo","statusCode":500,"timestamp":"2025-05-19T14:58:36.731Z"}
{"errorType":"AUTHENTICATION_ERROR","level":"error","message":"Socket error: An unexpected error occurred","socketId":"-XlA_9EBG4OjKm2OAAB3","statusCode":500,"timestamp":"2025-05-19T15:01:48.946Z"}
{"errorType":"AUTHENTICATION_ERROR","level":"error","message":"Socket error: An unexpected error occurred","socketId":"-XlA_9EBG4OjKm2OAAB3","statusCode":500,"timestamp":"2025-05-19T15:01:48.948Z"}
{"errorType":"AUTHENTICATION_ERROR","level":"error","message":"Socket error: An unexpected error occurred","socketId":"vnFhNcnyAbohHq4EAAB9","statusCode":500,"timestamp":"2025-05-19T15:02:03.231Z"}
{"errorType":"AUTHENTICATION_ERROR","level":"error","message":"Socket error: An unexpected error occurred","socketId":"vnFhNcnyAbohHq4EAAB9","statusCode":500,"timestamp":"2025-05-19T15:02:03.232Z"}
{"errorType":"UNKNOWN_MESSAGE_TYPE","level":"error","message":"Socket error: An unexpected error occurred","socketId":"ki4cP8r7LpZotlE2AAAS","statusCode":500,"timestamp":"2025-05-20T09:45:22.166Z"}
{"errorType":"UNKNOWN_MESSAGE_TYPE","level":"error","message":"Socket error: An unexpected error occurred","socketId":"ki4cP8r7LpZotlE2AAAS","statusCode":500,"timestamp":"2025-05-20T09:45:22.168Z"}
{"errorType":"UNKNOWN_MESSAGE_TYPE","level":"error","message":"Socket error: An unexpected error occurred","socketId":"wXQuqlgoOJ-fghEVAAAw","statusCode":500,"timestamp":"2025-05-20T09:48:20.486Z"}
{"errorType":"UNKNOWN_MESSAGE_TYPE","level":"error","message":"Socket error: An unexpected error occurred","socketId":"wXQuqlgoOJ-fghEVAAAw","statusCode":500,"timestamp":"2025-05-20T09:48:20.487Z"}
{"errorType":"UNKNOWN_MESSAGE_TYPE","level":"error","message":"Socket error: An unexpected error occurred","socketId":"_B3zAR1zpW4IuNXJAABR","statusCode":500,"timestamp":"2025-05-20T09:55:49.509Z"}
{"errorType":"UNKNOWN_MESSAGE_TYPE","level":"error","message":"Socket error: An unexpected error occurred","socketId":"_B3zAR1zpW4IuNXJAABR","statusCode":500,"timestamp":"2025-05-20T09:55:49.511Z"}
{"errorType":"UNKNOWN_MESSAGE_TYPE","level":"error","message":"Socket error: An unexpected error occurred","socketId":"b5hw3cVd_mizjb1rAAAC","statusCode":500,"timestamp":"2025-05-25T19:03:44.597Z"}
{"errorType":"UNKNOWN_MESSAGE_TYPE","level":"error","message":"Socket error: An unexpected error occurred","socketId":"MIw3qsarf8ibOFjkAABT","statusCode":500,"timestamp":"2025-05-26T12:57:22.335Z"}
{"errorType":"UNKNOWN_MESSAGE_TYPE","level":"error","message":"Socket error: An unexpected error occurred","socketId":"MIw3qsarf8ibOFjkAABT","statusCode":500,"timestamp":"2025-05-26T12:57:22.364Z"}
{"errorType":"UNKNOWN_MESSAGE_TYPE","level":"error","message":"Socket error: An unexpected error occurred","socketId":"VgmMlO7nXKVKzerhAABW","statusCode":500,"timestamp":"2025-05-26T13:02:25.127Z"}
{"errorType":"UNKNOWN_MESSAGE_TYPE","level":"error","message":"Socket error: An unexpected error occurred","socketId":"NbpWegpcp_F12Us2AAAK","statusCode":500,"timestamp":"2025-05-26T13:37:05.030Z"}
{"errorType":"UNKNOWN_MESSAGE_TYPE","level":"error","message":"Socket error: An unexpected error occurred","socketId":"NbpWegpcp_F12Us2AAAK","statusCode":500,"timestamp":"2025-05-26T13:37:27.140Z"}
{"errorType":"UNKNOWN_MESSAGE_TYPE","level":"error","message":"Socket error: An unexpected error occurred","socketId":"cN3pv5e90J5ax1ESAAAT","statusCode":500,"timestamp":"2025-05-26T14:07:03.961Z"}
{"errorType":"UNKNOWN_MESSAGE_TYPE","level":"error","message":"Socket error: An unexpected error occurred","socketId":"lw1vzt7DV8llSPSsAAAW","statusCode":500,"timestamp":"2025-05-26T14:07:36.874Z"}
